<?xml version="1.0" encoding="UTF-8"?>
<testng-results skipped="0" failed="0" ignored="0" total="1" passed="1">
  <reporter-output>
  </reporter-output>
  <suite name="Default suite" duration-ms="121" started-at="2019-10-16T11:08:38Z" finished-at="2019-10-16T11:08:38Z">
    <groups>
    </groups>
    <test name="Default test" duration-ms="121" started-at="2019-10-16T11:08:38Z" finished-at="2019-10-16T11:08:38Z">
      <class name="com.test.container.MapUse">
        <test-method status="PASS" signature="generate()[pri:0, instance:com.test.container.MapUse@6a2bcfcb]" name="generate" duration-ms="92" started-at="2019-10-16T19:08:38Z" finished-at="2019-10-16T19:08:38Z">
          <reporter-output>
          </reporter-output>
        </test-method> <!-- generate -->
      </class> <!-- com.test.container.MapUse -->
    </test> <!-- Default test -->
  </suite> <!-- Default suite -->
</testng-results>
